<?xml version="1.0" encoding="UTF-8"?>
<testng-results ignored="0" total="1" passed="1" failed="0" skipped="0">
  <reporter-output>
  </reporter-output>
  <suite started-at="2022-11-23T20:28:53 IST" name="Default suite" finished-at="2022-11-23T20:30:33 IST" duration-ms="100048">
    <groups>
    </groups>
    <test started-at="2022-11-23T20:28:53 IST" name="Default test" finished-at="2022-11-23T20:30:33 IST" duration-ms="100048">
      <class name="logout_module_verifyUN.Testclass_login_out_testNG">
        <test-method is-config="true" signature="browseropen()[pri:0, instance:logout_module_verifyUN.Testclass_login_out_testNG@55183b20]" started-at="2022-11-23T20:28:53 IST" name="browseropen" finished-at="2022-11-23T20:29:57 IST" duration-ms="63606" status="PASS">
          <reporter-output>
          </reporter-output>
        </test-method> <!-- browseropen -->
        <test-method is-config="true" signature="loginapp()[pri:0, instance:logout_module_verifyUN.Testclass_login_out_testNG@55183b20]" started-at="2022-11-23T20:29:57 IST" name="loginapp" finished-at="2022-11-23T20:30:05 IST" duration-ms="8800" status="PASS">
          <reporter-output>
          </reporter-output>
        </test-method> <!-- loginapp -->
        <test-method signature="verifyun()[pri:0, instance:logout_module_verifyUN.Testclass_login_out_testNG@55183b20]" started-at="2022-11-23T20:30:05 IST" name="verifyun" finished-at="2022-11-23T20:30:10 IST" duration-ms="5088" status="PASS">
          <reporter-output>
          </reporter-output>
        </test-method> <!-- verifyun -->
        <test-method is-config="true" signature="getScreenshot(org.testng.ITestResult)[pri:0, instance:logout_module_verifyUN.Testclass_login_out_testNG@55183b20]" started-at="2022-11-23T20:30:10 IST" name="getScreenshot" finished-at="2022-11-23T20:30:33 IST" duration-ms="22274" status="PASS">
          <params>
            <param index="0">
              <value>
                <![CDATA[[TestResult name=verifyun status=SUCCESS method=Testclass_login_out_testNG.verifyun()[pri:0, instance:logout_module_verifyUN.Testclass_login_out_testNG@55183b20] output={null}]]]>
              </value>
            </param>
          </params>
          <reporter-output>
          </reporter-output>
        </test-method> <!-- getScreenshot -->
        <test-method is-config="true" signature="browserclose()[pri:0, instance:logout_module_verifyUN.Testclass_login_out_testNG@55183b20]" started-at="2022-11-23T20:30:33 IST" name="browserclose" finished-at="2022-11-23T20:30:33 IST" duration-ms="0" status="PASS">
          <reporter-output>
          </reporter-output>
        </test-method> <!-- browserclose -->
      </class> <!-- logout_module_verifyUN.Testclass_login_out_testNG -->
    </test> <!-- Default test -->
  </suite> <!-- Default suite -->
</testng-results>
